mode: set
ThreeLayerArch/handler/user/mock_interface.go:32.67,36.2 3 1
ThreeLayerArch/handler/user/mock_interface.go:39.65,41.2 1 1
ThreeLayerArch/handler/user/mock_interface.go:44.73,50.2 5 1
ThreeLayerArch/handler/user/mock_interface.go:53.74,56.2 2 1
ThreeLayerArch/handler/user/mock_interface.go:59.69,65.2 5 1
ThreeLayerArch/handler/user/mock_interface.go:68.73,71.2 2 1
ThreeLayerArch/handler/user/mock_interface.go:74.63,80.2 5 1
ThreeLayerArch/handler/user/mock_interface.go:83.66,86.2 2 1
ThreeLayerArch/handler/user/user.go:29.74,32.79 2 1
ThreeLayerArch/handler/user/user.go:32.79,35.3 2 1
ThreeLayerArch/handler/user/user.go:37.2,38.16 2 1
ThreeLayerArch/handler/user/user.go:38.16,41.3 2 1
ThreeLayerArch/handler/user/user.go:43.2,44.33 2 1
ThreeLayerArch/handler/user/user.go:58.75,60.16 2 1
ThreeLayerArch/handler/user/user.go:60.16,63.3 2 1
ThreeLayerArch/handler/user/user.go:65.2,67.16 2 1
ThreeLayerArch/handler/user/user.go:67.16,70.3 2 1
ThreeLayerArch/handler/user/user.go:72.2,72.17 1 1
ThreeLayerArch/handler/user/user.go:72.17,75.3 2 1
ThreeLayerArch/handler/user/user.go:76.2,76.33 1 1
ThreeLayerArch/handler/user/user.go:87.73,90.16 2 1
ThreeLayerArch/handler/user/user.go:90.16,94.3 3 1
ThreeLayerArch/handler/user/user.go:96.2,96.24 1 1
ThreeLayerArch/handler/user/user.go:96.24,98.3 1 1
