mode: set
ThreeLayerArch/service/task/mock_interface.go:32.63,36.2 3 1
ThreeLayerArch/service/task/mock_interface.go:39.61,41.2 1 1
ThreeLayerArch/service/task/mock_interface.go:44.60,50.2 5 1
ThreeLayerArch/service/task/mock_interface.go:53.69,56.2 2 1
ThreeLayerArch/service/task/mock_interface.go:59.51,64.2 4 1
ThreeLayerArch/service/task/mock_interface.go:67.72,70.2 2 1
ThreeLayerArch/service/task/mock_interface.go:73.58,79.2 5 1
ThreeLayerArch/service/task/mock_interface.go:82.70,85.2 2 1
ThreeLayerArch/service/task/mock_interface.go:88.63,94.2 5 1
ThreeLayerArch/service/task/mock_interface.go:97.67,100.2 2 1
ThreeLayerArch/service/task/mock_interface.go:103.58,109.2 5 1
ThreeLayerArch/service/task/mock_interface.go:112.70,115.2 2 1
ThreeLayerArch/service/task/mock_interface.go:118.60,124.2 5 1
ThreeLayerArch/service/task/mock_interface.go:127.62,130.2 2 1
ThreeLayerArch/service/task/service.go:13.36,15.2 1 1
ThreeLayerArch/service/task/service.go:17.55,18.16 1 1
ThreeLayerArch/service/task/service.go:18.16,20.3 1 1
ThreeLayerArch/service/task/service.go:21.2,21.30 1 1
ThreeLayerArch/service/task/service.go:24.54,27.2 1 1
ThreeLayerArch/service/task/service.go:29.57,31.30 1 1
ThreeLayerArch/service/task/service.go:31.30,33.17 2 1
ThreeLayerArch/service/task/service.go:33.17,36.4 2 1
ThreeLayerArch/service/task/service.go:37.3,37.18 1 1
ThreeLayerArch/service/task/service.go:39.2,39.50 1 1
ThreeLayerArch/service/task/service.go:42.52,43.30 1 1
ThreeLayerArch/service/task/service.go:43.30,45.17 2 1
ThreeLayerArch/service/task/service.go:45.17,48.4 2 1
ThreeLayerArch/service/task/service.go:49.3,49.18 1 1
ThreeLayerArch/service/task/service.go:51.2,51.42 1 1
ThreeLayerArch/service/task/service.go:54.52,55.30 1 1
ThreeLayerArch/service/task/service.go:55.30,57.17 2 1
ThreeLayerArch/service/task/service.go:57.17,60.4 2 1
ThreeLayerArch/service/task/service.go:61.3,61.18 1 1
ThreeLayerArch/service/task/service.go:63.2,63.42 1 1
