mode: set
ThreeLayerArch/handler/task/handler.go:14.40,16.2 1 1
ThreeLayerArch/handler/task/handler.go:18.67,22.65 2 1
ThreeLayerArch/handler/task/handler.go:22.65,25.3 2 1
ThreeLayerArch/handler/task/handler.go:27.2,28.23 2 1
ThreeLayerArch/handler/task/handler.go:28.23,31.3 2 1
ThreeLayerArch/handler/task/handler.go:33.2,33.35 1 1
ThreeLayerArch/handler/task/handler.go:36.68,38.16 2 1
ThreeLayerArch/handler/task/handler.go:38.16,41.3 2 1
ThreeLayerArch/handler/task/handler.go:42.2,42.34 1 1
ThreeLayerArch/handler/task/handler.go:45.67,48.16 3 1
ThreeLayerArch/handler/task/handler.go:48.16,51.3 2 1
ThreeLayerArch/handler/task/handler.go:53.2,54.16 2 1
ThreeLayerArch/handler/task/handler.go:54.16,57.3 2 1
ThreeLayerArch/handler/task/handler.go:59.2,59.33 1 1
ThreeLayerArch/handler/task/handler.go:62.70,65.16 3 1
ThreeLayerArch/handler/task/handler.go:65.16,68.3 2 1
ThreeLayerArch/handler/task/handler.go:70.2,71.23 2 1
ThreeLayerArch/handler/task/handler.go:71.23,74.3 2 1
ThreeLayerArch/handler/task/handler.go:76.2,76.30 1 1
ThreeLayerArch/handler/task/handler.go:79.70,82.16 3 1
ThreeLayerArch/handler/task/handler.go:82.16,85.3 2 1
ThreeLayerArch/handler/task/handler.go:87.2,88.23 2 1
ThreeLayerArch/handler/task/handler.go:88.23,91.3 2 1
ThreeLayerArch/handler/task/handler.go:93.2,93.30 1 1
ThreeLayerArch/handler/task/mock_interface.go:32.67,36.2 3 1
ThreeLayerArch/handler/task/mock_interface.go:39.65,41.2 1 1
ThreeLayerArch/handler/task/mock_interface.go:44.63,50.2 5 1
ThreeLayerArch/handler/task/mock_interface.go:53.72,56.2 2 1
ThreeLayerArch/handler/task/mock_interface.go:59.60,65.2 5 1
ThreeLayerArch/handler/task/mock_interface.go:68.72,71.2 2 1
ThreeLayerArch/handler/task/mock_interface.go:74.66,80.2 5 1
ThreeLayerArch/handler/task/mock_interface.go:83.70,86.2 2 1
ThreeLayerArch/handler/task/mock_interface.go:89.60,95.2 5 1
ThreeLayerArch/handler/task/mock_interface.go:98.72,101.2 2 1
ThreeLayerArch/handler/task/mock_interface.go:104.63,110.2 5 1
ThreeLayerArch/handler/task/mock_interface.go:113.65,116.2 2 1
