mode: set
ThreeLayerArch/handler/task/handler.go:14.40,16.2 1 1
ThreeLayerArch/handler/task/handler.go:29.59,34.16 3 1
ThreeLayerArch/handler/task/handler.go:34.16,36.3 1 1
ThreeLayerArch/handler/task/handler.go:38.2,39.23 2 1
ThreeLayerArch/handler/task/handler.go:39.23,41.3 1 1
ThreeLayerArch/handler/task/handler.go:43.2,43.37 1 1
ThreeLayerArch/handler/task/handler.go:54.60,56.16 2 1
ThreeLayerArch/handler/task/handler.go:56.16,58.3 1 1
ThreeLayerArch/handler/task/handler.go:59.2,59.19 1 1
ThreeLayerArch/handler/task/handler.go:72.59,74.16 2 1
ThreeLayerArch/handler/task/handler.go:74.16,76.3 1 1
ThreeLayerArch/handler/task/handler.go:78.2,79.16 2 1
ThreeLayerArch/handler/task/handler.go:79.16,81.3 1 1
ThreeLayerArch/handler/task/handler.go:83.2,83.18 1 0
ThreeLayerArch/handler/task/handler.go:96.62,98.16 2 1
ThreeLayerArch/handler/task/handler.go:98.16,100.3 1 1
ThreeLayerArch/handler/task/handler.go:102.2,103.23 2 1
ThreeLayerArch/handler/task/handler.go:103.23,105.3 1 1
ThreeLayerArch/handler/task/handler.go:107.2,107.36 1 1
ThreeLayerArch/handler/task/handler.go:120.62,122.16 2 1
ThreeLayerArch/handler/task/handler.go:122.16,124.3 1 1
ThreeLayerArch/handler/task/handler.go:126.2,127.23 2 1
ThreeLayerArch/handler/task/handler.go:127.23,129.3 1 1
ThreeLayerArch/handler/task/handler.go:131.2,131.36 1 1
ThreeLayerArch/handler/task/mock_interface.go:33.67,37.2 3 1
ThreeLayerArch/handler/task/mock_interface.go:40.65,42.2 1 1
ThreeLayerArch/handler/task/mock_interface.go:45.82,51.2 5 1
ThreeLayerArch/handler/task/mock_interface.go:54.77,57.2 2 1
ThreeLayerArch/handler/task/mock_interface.go:60.79,66.2 5 1
ThreeLayerArch/handler/task/mock_interface.go:69.77,72.2 2 1
ThreeLayerArch/handler/task/mock_interface.go:75.85,81.2 5 1
ThreeLayerArch/handler/task/mock_interface.go:84.75,87.2 2 1
ThreeLayerArch/handler/task/mock_interface.go:90.79,96.2 5 1
ThreeLayerArch/handler/task/mock_interface.go:99.77,102.2 2 1
ThreeLayerArch/handler/task/mock_interface.go:105.80,111.2 5 1
ThreeLayerArch/handler/task/mock_interface.go:114.72,117.2 2 1
